<?xml version="1.0" encoding="UTF-8" ?>
<testsuite tests="6" failures="0" name="Catalog.com.ModelsTest" time="0.002" errors="0" skipped="0">
  <properties>
[...]
</properties>
  <testcase classname="Catalog.com.ModelsTest" name="getMDescriptionPrice" time="0.002"/>
  <testcase classname="Catalog.com.ModelsTest" name="getPurchaseGetName" time="0"/>
  <testcase classname="Catalog.com.ModelsTest" name="getDescriptionQ" time="0"/>
  <testcase classname="Catalog.com.ModelsTest" name="getPurchaseFind" time="0"/>
  <testcase classname="Catalog.com.ModelsTest" name="getPurchaseGetQ" time="0"/>
  <testcase classname="Catalog.com.ModelsTest" name="getDescriptionfind" time="0"/>
</testsuite>